2023-11-11 16:17:33.767 [info] Using settings sync service https://vscode-sync.trafficmanager.net/
2023-11-11 16:17:33.767 [info] Auto Sync is enabled.
2023-11-11 16:17:33.768 [info] Auto Sync: Suspended until auth token is available.
2023-11-11 16:17:34.695 [info] Deleting non existing profile from backup /C:/Users/USER/AppData/Roaming/Code/User/sync/extensions
2023-11-11 16:17:34.761 [info] Deleting non existing profile from backup /C:/Users/USER/AppData/Roaming/Code/User/sync/globalState
2023-11-11 16:17:34.858 [info] Deleting non existing profile from backup /C:/Users/USER/AppData/Roaming/Code/User/sync/keybindings
2023-11-11 16:17:34.949 [info] Deleting non existing profile from backup /C:/Users/USER/AppData/Roaming/Code/User/sync/profiles
2023-11-11 16:17:34.987 [info] Deleting non existing profile from backup /C:/Users/USER/AppData/Roaming/Code/User/sync/settings
2023-11-11 16:17:35.170 [info] Deleting non existing profile from backup /C:/Users/USER/AppData/Roaming/Code/User/sync/snippets
2023-11-11 16:17:35.194 [info] Deleting non existing profile from backup /C:/Users/USER/AppData/Roaming/Code/User/sync/tasks
2023-11-11 16:17:43.748 [info] Auto Sync: Triggered by Interval
2023-11-11 16:17:43.748 [info] Sync started.
2023-11-11 16:17:44.901 [info] Settings: Last sync resource does not exist locally.
2023-11-11 16:17:45.364 [info] Settings: No changes found during synchronizing settings.
2023-11-11 16:17:45.372 [info] Keybindings: Last sync resource does not exist locally.
2023-11-11 16:17:45.980 [info] Keybindings: No changes found during synchronizing keybindings.
2023-11-11 16:17:46.029 [info] Snippets: Last sync resource does not exist locally.
2023-11-11 16:17:46.301 [info] Snippets: No changes found during synchronizing snippets.
2023-11-11 16:17:46.303 [info] Tasks: Last sync resource does not exist locally.
2023-11-11 16:17:46.810 [info] Tasks: No changes found during synchronizing tasks.
2023-11-11 16:17:46.813 [info] GlobalState: Last sync resource does not exist locally.
2023-11-11 16:17:47.845 [info] GlobalState: Updated remote ui state. Updated: commandPalette.mru.cache,commandPalette.mru.counter.
2023-11-11 16:17:47.849 [info] GlobalState: Updated last synchronized ui state
2023-11-11 16:17:47.853 [info] Extensions: Last sync resource does not exist locally.
2023-11-11 16:17:48.582 [info] Extensions: No changes found during synchronizing extensions.
2023-11-11 16:17:48.585 [info] Profiles: Last sync resource does not exist locally.
2023-11-11 16:17:48.751 [info] Profiles: No changes found during synchronizing profiles.
2023-11-11 16:17:48.753 [info] Sync done. Took 5006ms
2023-11-11 16:20:11.456 [info] Auto Sync: Triggered by Activity
2023-11-11 16:20:11.457 [info] Sync started.
2023-11-11 16:20:11.731 [info] Settings: No changes found during synchronizing settings.
2023-11-11 16:20:11.757 [info] Keybindings: No changes found during synchronizing keybindings.
2023-11-11 16:20:11.770 [info] Snippets: No changes found during synchronizing snippets.
2023-11-11 16:20:11.778 [info] Tasks: No changes found during synchronizing tasks.
2023-11-11 16:20:11.786 [info] GlobalState: No changes found during synchronizing ui state.
2023-11-11 16:20:12.035 [info] Extensions: No changes found during synchronizing extensions.
2023-11-11 16:20:12.038 [info] Profiles: No changes found during synchronizing profiles.
2023-11-11 16:20:12.045 [info] Sync done. Took 588ms
2023-11-11 16:20:13.967 [info] Auto Sync: Triggered by Activity
2023-11-11 16:20:13.968 [info] Sync started.
2023-11-11 16:20:14.078 [info] Settings: No changes found during synchronizing settings.
2023-11-11 16:20:14.093 [info] Keybindings: No changes found during synchronizing keybindings.
2023-11-11 16:20:14.107 [info] Snippets: No changes found during synchronizing snippets.
2023-11-11 16:20:14.114 [info] Tasks: No changes found during synchronizing tasks.
2023-11-11 16:20:14.123 [info] GlobalState: No changes found during synchronizing ui state.
2023-11-11 16:20:14.357 [info] Extensions: No changes found during synchronizing extensions.
2023-11-11 16:20:14.361 [info] Profiles: No changes found during synchronizing profiles.
2023-11-11 16:20:14.366 [info] Sync done. Took 399ms
2023-11-11 16:20:43.879 [info] Auto Sync: Triggered by Activity
2023-11-11 16:20:43.879 [info] Sync started.
2023-11-11 16:20:44.074 [info] Settings: No changes found during synchronizing settings.
2023-11-11 16:20:44.094 [info] Keybindings: No changes found during synchronizing keybindings.
2023-11-11 16:20:44.110 [info] Snippets: No changes found during synchronizing snippets.
2023-11-11 16:20:44.114 [info] Tasks: No changes found during synchronizing tasks.
2023-11-11 16:20:44.122 [info] GlobalState: No changes found during synchronizing ui state.
2023-11-11 16:20:44.724 [info] Extensions: No changes found during synchronizing extensions.
2023-11-11 16:20:44.727 [info] Profiles: No changes found during synchronizing profiles.
2023-11-11 16:20:44.730 [info] Sync done. Took 851ms
