2023-11-11 15:49:42.530 [info] Using settings sync service https://vscode-sync.trafficmanager.net/
2023-11-11 15:49:42.530 [info] Auto Sync is enabled.
2023-11-11 15:49:42.530 [info] Auto Sync: Suspended until auth token is available.
2023-11-11 15:49:43.890 [info] Deleting non existing profile from backup /C:/Users/USER/AppData/Roaming/Code/User/sync/extensions
2023-11-11 15:49:44.019 [info] Deleting non existing profile from backup /C:/Users/USER/AppData/Roaming/Code/User/sync/globalState
2023-11-11 15:49:44.202 [info] Deleting non existing profile from backup /C:/Users/USER/AppData/Roaming/Code/User/sync/keybindings
2023-11-11 15:49:44.353 [info] Deleting non existing profile from backup /C:/Users/USER/AppData/Roaming/Code/User/sync/profiles
2023-11-11 15:49:44.560 [info] Deleting non existing profile from backup /C:/Users/USER/AppData/Roaming/Code/User/sync/settings
2023-11-11 15:49:44.896 [info] Deleting non existing profile from backup /C:/Users/USER/AppData/Roaming/Code/User/sync/snippets
2023-11-11 15:49:44.977 [info] Deleting non existing profile from backup /C:/Users/USER/AppData/Roaming/Code/User/sync/tasks
2023-11-11 15:49:56.489 [info] Auto Sync: Triggered by Interval
2023-11-11 15:49:56.489 [info] Sync started.
2023-11-11 15:49:57.471 [info] Settings: Last sync resource does not exist locally.
2023-11-11 15:49:58.850 [info] Settings: No changes found during synchronizing settings.
2023-11-11 15:49:58.906 [info] Keybindings: Last sync resource does not exist locally.
2023-11-11 15:49:59.352 [info] GlobalState: Last sync resource does not exist locally.
2023-11-11 15:49:59.497 [info] Keybindings: No changes found during synchronizing keybindings.
2023-11-11 15:49:59.502 [info] Snippets: Last sync resource does not exist locally.
2023-11-11 15:49:59.840 [info] Snippets: No changes found during synchronizing snippets.
2023-11-11 15:49:59.842 [info] Tasks: Last sync resource does not exist locally.
2023-11-11 15:50:00.199 [info] Tasks: No changes found during synchronizing tasks.
2023-11-11 15:50:00.206 [info] GlobalState: No changes found during synchronizing ui state.
2023-11-11 15:50:00.208 [info] Extensions: Last sync resource does not exist locally.
2023-11-11 15:50:01.164 [info] Extensions: No changes found during synchronizing extensions.
2023-11-11 15:50:01.211 [info] Profiles: Last sync resource does not exist locally.
2023-11-11 15:50:01.716 [info] Profiles: No changes found during synchronizing profiles.
2023-11-11 15:50:01.745 [info] Sync done. Took 5233ms
2023-11-11 15:50:36.355 [info] Auto Sync: Triggered by Activity
2023-11-11 15:50:36.357 [info] Sync started.
2023-11-11 15:50:36.629 [info] Settings: No changes found during synchronizing settings.
2023-11-11 15:50:36.640 [info] Keybindings: No changes found during synchronizing keybindings.
2023-11-11 15:50:36.649 [info] Snippets: No changes found during synchronizing snippets.
2023-11-11 15:50:36.656 [info] Tasks: No changes found during synchronizing tasks.
2023-11-11 15:50:36.662 [info] GlobalState: No changes found during synchronizing ui state.
2023-11-11 15:50:36.900 [info] Extensions: No changes found during synchronizing extensions.
2023-11-11 15:50:36.903 [info] Profiles: No changes found during synchronizing profiles.
2023-11-11 15:50:36.906 [info] Sync done. Took 552ms
2023-11-11 15:51:01.769 [info] Auto Sync: Triggered by Activity
2023-11-11 15:51:01.769 [info] Sync started.
2023-11-11 15:51:01.878 [info] Settings: No changes found during synchronizing settings.
2023-11-11 15:51:01.885 [info] Keybindings: No changes found during synchronizing keybindings.
2023-11-11 15:51:01.890 [info] Snippets: No changes found during synchronizing snippets.
2023-11-11 15:51:01.894 [info] Tasks: No changes found during synchronizing tasks.
2023-11-11 15:51:01.900 [info] GlobalState: No changes found during synchronizing ui state.
2023-11-11 15:51:02.127 [info] Extensions: No changes found during synchronizing extensions.
2023-11-11 15:51:02.129 [info] Profiles: No changes found during synchronizing profiles.
2023-11-11 15:51:02.133 [info] Sync done. Took 363ms
2023-11-11 15:53:28.969 [info] Auto Sync: Triggered by Activity
2023-11-11 15:53:28.970 [info] Sync started.
2023-11-11 15:53:29.278 [info] Settings: No changes found during synchronizing settings.
2023-11-11 15:53:29.296 [info] Keybindings: No changes found during synchronizing keybindings.
2023-11-11 15:53:29.307 [info] Snippets: No changes found during synchronizing snippets.
2023-11-11 15:53:29.313 [info] Tasks: No changes found during synchronizing tasks.
2023-11-11 15:53:29.319 [info] GlobalState: No changes found during synchronizing ui state.
2023-11-11 15:53:29.532 [info] Extensions: No changes found during synchronizing extensions.
2023-11-11 15:53:29.535 [info] Profiles: No changes found during synchronizing profiles.
2023-11-11 15:53:29.537 [info] Sync done. Took 570ms
2023-11-11 15:53:47.916 [info] Auto Sync: Triggered by Activity
2023-11-11 15:53:47.916 [info] Sync started.
2023-11-11 15:53:48.015 [info] Settings: No changes found during synchronizing settings.
2023-11-11 15:53:48.023 [info] Keybindings: No changes found during synchronizing keybindings.
2023-11-11 15:53:48.031 [info] Snippets: No changes found during synchronizing snippets.
2023-11-11 15:53:48.036 [info] Tasks: No changes found during synchronizing tasks.
2023-11-11 15:53:48.048 [info] GlobalState: No changes found during synchronizing ui state.
2023-11-11 15:53:48.281 [info] Extensions: No changes found during synchronizing extensions.
2023-11-11 15:53:48.282 [info] Profiles: No changes found during synchronizing profiles.
2023-11-11 15:53:48.283 [info] Sync done. Took 365ms
2023-11-11 15:54:38.039 [info] Auto Sync: Triggered by Activity
2023-11-11 15:54:38.039 [info] Sync started.
2023-11-11 15:54:38.139 [info] Settings: No changes found during synchronizing settings.
2023-11-11 15:54:38.149 [info] Keybindings: No changes found during synchronizing keybindings.
2023-11-11 15:54:38.154 [info] Snippets: No changes found during synchronizing snippets.
2023-11-11 15:54:38.158 [info] Tasks: No changes found during synchronizing tasks.
2023-11-11 15:54:38.168 [info] GlobalState: No changes found during synchronizing ui state.
2023-11-11 15:54:38.387 [info] Extensions: No changes found during synchronizing extensions.
2023-11-11 15:54:38.391 [info] Profiles: No changes found during synchronizing profiles.
2023-11-11 15:54:38.396 [info] Sync done. Took 358ms
2023-11-11 15:54:56.230 [info] Auto Sync: Triggered by Activity
2023-11-11 15:54:56.231 [info] Sync started.
2023-11-11 15:54:56.357 [info] Settings: No changes found during synchronizing settings.
2023-11-11 15:54:56.366 [info] Keybindings: No changes found during synchronizing keybindings.
2023-11-11 15:54:56.373 [info] Snippets: No changes found during synchronizing snippets.
2023-11-11 15:54:56.378 [info] Tasks: No changes found during synchronizing tasks.
2023-11-11 15:54:56.384 [info] GlobalState: No changes found during synchronizing ui state.
2023-11-11 15:54:56.569 [info] Extensions: No changes found during synchronizing extensions.
2023-11-11 15:54:56.573 [info] Profiles: No changes found during synchronizing profiles.
2023-11-11 15:54:56.575 [info] Sync done. Took 346ms
2023-11-11 15:55:04.720 [info] Auto Sync: Triggered by Activity
2023-11-11 15:55:04.721 [info] Sync started.
2023-11-11 15:55:05.444 [info] Settings: Updated remote settings
2023-11-11 15:55:05.503 [info] Settings: Updated last synchronized settings
2023-11-11 15:55:05.525 [info] Keybindings: No changes found during synchronizing keybindings.
2023-11-11 15:55:05.536 [info] Snippets: No changes found during synchronizing snippets.
2023-11-11 15:55:05.542 [info] Tasks: No changes found during synchronizing tasks.
2023-11-11 15:55:05.551 [info] GlobalState: No changes found during synchronizing ui state.
2023-11-11 15:55:05.747 [info] Extensions: No changes found during synchronizing extensions.
2023-11-11 15:55:05.750 [info] Profiles: No changes found during synchronizing profiles.
2023-11-11 15:55:05.752 [info] Sync done. Took 1033ms
2023-11-11 15:55:17.629 [info] Auto Sync: Triggered by Activity
2023-11-11 15:55:17.630 [info] Sync started.
2023-11-11 15:55:18.169 [info] Settings: Updated remote settings
2023-11-11 15:55:18.176 [info] Settings: Updated last synchronized settings
2023-11-11 15:55:18.184 [info] Keybindings: No changes found during synchronizing keybindings.
2023-11-11 15:55:18.191 [info] Snippets: No changes found during synchronizing snippets.
2023-11-11 15:55:18.201 [info] Tasks: No changes found during synchronizing tasks.
2023-11-11 15:55:18.208 [info] GlobalState: No changes found during synchronizing ui state.
2023-11-11 15:55:18.427 [info] Extensions: No changes found during synchronizing extensions.
2023-11-11 15:55:18.429 [info] Profiles: No changes found during synchronizing profiles.
2023-11-11 15:55:18.437 [info] Sync done. Took 808ms
2023-11-11 15:55:19.973 [info] Auto Sync: Triggered by Activity
2023-11-11 15:55:19.974 [info] Sync started.
2023-11-11 15:55:20.090 [info] Settings: No changes found during synchronizing settings.
2023-11-11 15:55:20.103 [info] Keybindings: No changes found during synchronizing keybindings.
2023-11-11 15:55:20.110 [info] Snippets: No changes found during synchronizing snippets.
2023-11-11 15:55:20.115 [info] Tasks: No changes found during synchronizing tasks.
2023-11-11 15:55:20.120 [info] GlobalState: No changes found during synchronizing ui state.
2023-11-11 15:55:20.349 [info] Extensions: No changes found during synchronizing extensions.
2023-11-11 15:55:20.353 [info] Profiles: No changes found during synchronizing profiles.
2023-11-11 15:55:20.356 [info] Sync done. Took 383ms
2023-11-11 15:55:32.136 [info] Auto Sync: Triggered by Activity
2023-11-11 15:55:32.136 [info] Sync started.
2023-11-11 15:55:32.244 [info] Settings: No changes found during synchronizing settings.
2023-11-11 15:55:32.249 [info] Keybindings: No changes found during synchronizing keybindings.
2023-11-11 15:55:32.254 [info] Snippets: No changes found during synchronizing snippets.
2023-11-11 15:55:32.259 [info] Tasks: No changes found during synchronizing tasks.
2023-11-11 15:55:32.265 [info] GlobalState: No changes found during synchronizing ui state.
2023-11-11 15:55:32.443 [info] Extensions: No changes found during synchronizing extensions.
2023-11-11 15:55:32.447 [info] Profiles: No changes found during synchronizing profiles.
2023-11-11 15:55:32.450 [info] Sync done. Took 314ms
2023-11-11 15:55:49.691 [info] Auto Sync: Triggered by Activity
2023-11-11 15:55:49.692 [info] Sync started.
2023-11-11 15:55:49.866 [info] Settings: No changes found during synchronizing settings.
2023-11-11 15:55:49.882 [info] Keybindings: No changes found during synchronizing keybindings.
2023-11-11 15:55:49.887 [info] Snippets: No changes found during synchronizing snippets.
2023-11-11 15:55:49.894 [info] Tasks: No changes found during synchronizing tasks.
2023-11-11 15:55:49.900 [info] GlobalState: No changes found during synchronizing ui state.
2023-11-11 15:55:50.319 [info] Extensions: No changes found during synchronizing extensions.
2023-11-11 15:55:50.322 [info] Profiles: No changes found during synchronizing profiles.
2023-11-11 15:55:50.326 [info] Sync done. Took 636ms
2023-11-11 15:56:03.723 [info] Auto Sync: Triggered by Activity
2023-11-11 15:56:03.724 [info] Sync started.
2023-11-11 15:56:04.003 [info] Settings: No changes found during synchronizing settings.
2023-11-11 15:56:04.021 [info] Keybindings: No changes found during synchronizing keybindings.
2023-11-11 15:56:04.036 [info] Snippets: No changes found during synchronizing snippets.
2023-11-11 15:56:04.044 [info] Tasks: No changes found during synchronizing tasks.
2023-11-11 15:56:04.052 [info] GlobalState: No changes found during synchronizing ui state.
2023-11-11 15:56:04.233 [info] Extensions: No changes found during synchronizing extensions.
2023-11-11 15:56:04.238 [info] Profiles: No changes found during synchronizing profiles.
2023-11-11 15:56:04.240 [info] Sync done. Took 517ms
2023-11-11 15:56:18.067 [info] Auto Sync: Triggered by Activity
2023-11-11 15:56:18.067 [info] Sync started.
2023-11-11 15:56:18.343 [info] Settings: No changes found during synchronizing settings.
2023-11-11 15:56:18.353 [info] Keybindings: No changes found during synchronizing keybindings.
2023-11-11 15:56:18.360 [info] Snippets: No changes found during synchronizing snippets.
2023-11-11 15:56:18.363 [info] Tasks: No changes found during synchronizing tasks.
2023-11-11 15:56:18.369 [info] GlobalState: No changes found during synchronizing ui state.
2023-11-11 15:56:18.525 [info] Extensions: No changes found during synchronizing extensions.
2023-11-11 15:56:18.528 [info] Profiles: No changes found during synchronizing profiles.
2023-11-11 15:56:18.530 [info] Sync done. Took 464ms
2023-11-11 15:56:32.134 [info] Auto Sync: Triggered by Activity
2023-11-11 15:56:32.135 [info] Sync started.
2023-11-11 15:56:32.372 [info] Settings: No changes found during synchronizing settings.
2023-11-11 15:56:32.382 [info] Keybindings: No changes found during synchronizing keybindings.
2023-11-11 15:56:32.392 [info] Snippets: No changes found during synchronizing snippets.
2023-11-11 15:56:32.458 [info] Tasks: No changes found during synchronizing tasks.
2023-11-11 15:56:32.484 [info] GlobalState: No changes found during synchronizing ui state.
2023-11-11 15:56:32.814 [info] Extensions: No changes found during synchronizing extensions.
2023-11-11 15:56:32.895 [info] Profiles: No changes found during synchronizing profiles.
2023-11-11 15:56:32.898 [info] Sync done. Took 771ms
2023-11-11 15:57:04.769 [info] Auto Sync: Triggered by Activity
2023-11-11 15:57:04.769 [info] Sync started.
2023-11-11 15:57:05.079 [info] Settings: No changes found during synchronizing settings.
2023-11-11 15:57:05.088 [info] Keybindings: No changes found during synchronizing keybindings.
2023-11-11 15:57:05.097 [info] Snippets: No changes found during synchronizing snippets.
2023-11-11 15:57:05.103 [info] Tasks: No changes found during synchronizing tasks.
2023-11-11 15:57:05.111 [info] GlobalState: No changes found during synchronizing ui state.
2023-11-11 15:57:05.294 [info] Extensions: No changes found during synchronizing extensions.
2023-11-11 15:57:05.297 [info] Profiles: No changes found during synchronizing profiles.
2023-11-11 15:57:05.300 [info] Sync done. Took 532ms
2023-11-11 15:58:01.996 [info] Auto Sync: Triggered by Activity
2023-11-11 15:58:01.997 [info] Sync started.
2023-11-11 15:58:02.149 [info] Settings: No changes found during synchronizing settings.
2023-11-11 15:58:02.170 [info] Keybindings: No changes found during synchronizing keybindings.
2023-11-11 15:58:02.186 [info] Snippets: No changes found during synchronizing snippets.
2023-11-11 15:58:02.193 [info] Tasks: No changes found during synchronizing tasks.
2023-11-11 15:58:02.202 [info] GlobalState: No changes found during synchronizing ui state.
2023-11-11 15:58:02.381 [info] Extensions: No changes found during synchronizing extensions.
2023-11-11 15:58:02.385 [info] Profiles: No changes found during synchronizing profiles.
2023-11-11 15:58:02.388 [info] Sync done. Took 392ms
2023-11-11 15:58:14.803 [info] Auto Sync: Triggered by Activity
2023-11-11 15:58:14.804 [info] Sync started.
2023-11-11 15:58:14.955 [info] Settings: No changes found during synchronizing settings.
2023-11-11 15:58:14.976 [info] Keybindings: No changes found during synchronizing keybindings.
2023-11-11 15:58:14.983 [info] Snippets: No changes found during synchronizing snippets.
2023-11-11 15:58:14.987 [info] Tasks: No changes found during synchronizing tasks.
2023-11-11 15:58:15.017 [info] GlobalState: No changes found during synchronizing ui state.
2023-11-11 15:58:15.232 [info] Extensions: No changes found during synchronizing extensions.
2023-11-11 15:58:15.235 [info] Profiles: No changes found during synchronizing profiles.
2023-11-11 15:58:15.239 [info] Sync done. Took 440ms
2023-11-11 15:58:54.001 [info] Auto Sync: Triggered by Activity
2023-11-11 15:58:54.002 [info] Sync started.
2023-11-11 15:58:54.131 [info] Settings: No changes found during synchronizing settings.
2023-11-11 15:58:54.158 [info] Keybindings: No changes found during synchronizing keybindings.
2023-11-11 15:58:54.166 [info] Snippets: No changes found during synchronizing snippets.
2023-11-11 15:58:54.173 [info] Tasks: No changes found during synchronizing tasks.
2023-11-11 15:58:54.179 [info] GlobalState: No changes found during synchronizing ui state.
2023-11-11 15:58:54.332 [info] Extensions: No changes found during synchronizing extensions.
2023-11-11 15:58:54.339 [info] Profiles: No changes found during synchronizing profiles.
2023-11-11 15:58:54.342 [info] Sync done. Took 342ms
2023-11-11 15:59:13.199 [info] Auto Sync: Triggered by Activity
2023-11-11 15:59:13.200 [info] Sync started.
2023-11-11 15:59:13.349 [info] Settings: No changes found during synchronizing settings.
2023-11-11 15:59:13.364 [info] Keybindings: No changes found during synchronizing keybindings.
2023-11-11 15:59:13.373 [info] Snippets: No changes found during synchronizing snippets.
2023-11-11 15:59:13.377 [info] Tasks: No changes found during synchronizing tasks.
2023-11-11 15:59:13.384 [info] GlobalState: No changes found during synchronizing ui state.
2023-11-11 15:59:13.559 [info] Extensions: No changes found during synchronizing extensions.
2023-11-11 15:59:13.563 [info] Profiles: No changes found during synchronizing profiles.
2023-11-11 15:59:13.566 [info] Sync done. Took 368ms
2023-11-11 16:04:13.573 [info] Auto Sync: Triggered by Interval
2023-11-11 16:04:13.573 [info] Sync started.
2023-11-11 16:04:13.869 [info] Settings: No changes found during synchronizing settings.
2023-11-11 16:04:13.883 [info] Keybindings: No changes found during synchronizing keybindings.
2023-11-11 16:04:13.893 [info] Snippets: No changes found during synchronizing snippets.
2023-11-11 16:04:13.897 [info] Tasks: No changes found during synchronizing tasks.
2023-11-11 16:04:13.903 [info] GlobalState: No changes found during synchronizing ui state.
2023-11-11 16:04:14.093 [info] Extensions: No changes found during synchronizing extensions.
2023-11-11 16:04:14.096 [info] Profiles: No changes found during synchronizing profiles.
2023-11-11 16:04:14.099 [info] Sync done. Took 526ms
2023-11-11 16:05:29.506 [info] Auto Sync: Triggered by Activity
2023-11-11 16:05:29.507 [info] Sync started.
2023-11-11 16:05:29.650 [info] Settings: No changes found during synchronizing settings.
2023-11-11 16:05:29.665 [info] Keybindings: No changes found during synchronizing keybindings.
2023-11-11 16:05:29.670 [info] Snippets: No changes found during synchronizing snippets.
2023-11-11 16:05:29.673 [info] Tasks: No changes found during synchronizing tasks.
2023-11-11 16:05:29.681 [info] GlobalState: No changes found during synchronizing ui state.
2023-11-11 16:05:29.915 [info] Extensions: No changes found during synchronizing extensions.
2023-11-11 16:05:29.917 [info] Profiles: No changes found during synchronizing profiles.
2023-11-11 16:05:29.919 [info] Sync done. Took 414ms
2023-11-11 16:10:29.930 [info] Auto Sync: Triggered by Interval
2023-11-11 16:10:29.931 [info] Sync started.
2023-11-11 16:10:30.485 [info] Settings: No changes found during synchronizing settings.
2023-11-11 16:10:30.499 [info] Settings: Updated last synchronized settings
2023-11-11 16:10:30.505 [info] Keybindings: No changes found during synchronizing keybindings.
2023-11-11 16:10:30.511 [info] Snippets: No changes found during synchronizing snippets.
2023-11-11 16:10:30.514 [info] Tasks: No changes found during synchronizing tasks.
2023-11-11 16:10:30.898 [info] GlobalState: Updated global state ["memento/workbench.editor.keybindings"]
2023-11-11 16:10:30.898 [info] GlobalState: Updated local ui state
2023-11-11 16:10:30.902 [info] GlobalState: Updated last synchronized ui state
2023-11-11 16:10:31.079 [info] Extensions: No changes found during synchronizing extensions.
2023-11-11 16:10:31.081 [info] Profiles: No changes found during synchronizing profiles.
2023-11-11 16:10:31.084 [info] Sync done. Took 1154ms
2023-11-11 16:15:31.090 [info] Auto Sync: Triggered by Interval
2023-11-11 16:15:31.090 [info] Sync started.
2023-11-11 16:15:31.643 [info] Settings: No changes found during synchronizing settings.
2023-11-11 16:15:31.649 [info] Settings: Updated last synchronized settings
2023-11-11 16:15:31.654 [info] Keybindings: No changes found during synchronizing keybindings.
2023-11-11 16:15:31.662 [info] Snippets: No changes found during synchronizing snippets.
2023-11-11 16:15:31.668 [info] Tasks: No changes found during synchronizing tasks.
2023-11-11 16:15:31.675 [info] GlobalState: No changes found during synchronizing ui state.
2023-11-11 16:15:32.015 [info] Extensions: No changes found during synchronizing extensions.
2023-11-11 16:15:32.018 [info] Profiles: No changes found during synchronizing profiles.
2023-11-11 16:15:32.021 [info] Sync done. Took 931ms
2023-11-11 16:17:24.755 [info] Auto Sync: Triggered by Activity
2023-11-11 16:17:24.755 [info] Sync started.
2023-11-11 16:17:25.165 [info] Settings: Updated local settings
2023-11-11 16:17:25.170 [info] Settings: Updated last synchronized settings
2023-11-11 16:17:25.177 [info] Keybindings: No changes found during synchronizing keybindings.
2023-11-11 16:17:25.182 [info] Snippets: No changes found during synchronizing snippets.
2023-11-11 16:17:25.189 [info] Tasks: No changes found during synchronizing tasks.
2023-11-11 16:17:25.660 [info] GlobalState: Updated global state ["commandPalette.mru.cache","commandPalette.mru.counter"]
2023-11-11 16:17:25.660 [info] GlobalState: Updated local ui state
2023-11-11 16:17:25.660 [info] GlobalState: Updated last synchronized ui state
2023-11-11 16:17:26.056 [info] Extensions: No changes found during synchronizing extensions.
2023-11-11 16:17:26.063 [info] Profiles: No changes found during synchronizing profiles.
2023-11-11 16:17:26.064 [info] Sync done. Took 1309ms
