2023-11-11 15:19:52.655 [info] Using settings sync service https://vscode-sync.trafficmanager.net/
2023-11-11 15:19:52.655 [info] Auto Sync is disabled.
2023-11-11 15:25:24.727 [info] Sync started.
2023-11-11 15:25:25.250 [info] Did reset the local sync state.
2023-11-11 15:25:25.317 [info] Settings: Migrating last sync user data. Resource does not exist.
2023-11-11 15:25:25.317 [info] Settings: Last sync data state does not exist.
2023-11-11 15:25:25.769 [info] Settings: Migrating last sync user data. Resource does not exist.
2023-11-11 15:25:25.770 [info] Settings: Last sync data state does not exist.
2023-11-11 15:25:26.146 [info] Keybindings: Migrating last sync user data. Resource does not exist.
2023-11-11 15:25:26.146 [info] Keybindings: Last sync data state does not exist.
2023-11-11 15:25:26.453 [info] Snippets: Migrating last sync user data. Resource does not exist.
2023-11-11 15:25:26.455 [info] Snippets: Last sync data state does not exist.
2023-11-11 15:25:26.680 [info] Tasks: Migrating last sync user data. Resource does not exist.
2023-11-11 15:25:26.680 [info] Tasks: Last sync data state does not exist.
2023-11-11 15:25:26.983 [info] GlobalState: Migrating last sync user data. Resource does not exist.
2023-11-11 15:25:26.983 [info] GlobalState: Last sync data state does not exist.
2023-11-11 15:25:27.330 [info] Extensions: Migrating last sync user data. Resource does not exist.
2023-11-11 15:25:27.330 [info] Extensions: Last sync data state does not exist.
2023-11-11 15:25:27.903 [info] Profiles: Migrating last sync user data. Resource does not exist.
2023-11-11 15:25:27.903 [info] Profiles: Last sync data state does not exist.
2023-11-11 15:25:28.095 [info] Profiles: Migrating last sync user data. Resource does not exist.
2023-11-11 15:25:28.095 [info] Profiles: Last sync data state does not exist.
2023-11-11 15:25:31.178 [info] GlobalState: Migrating last sync user data. Resource does not exist.
2023-11-11 15:25:31.178 [info] GlobalState: Last sync data state does not exist.
2023-11-11 15:25:53.134 [info] Settings: Updated local settings
2023-11-11 15:25:53.162 [error] LocalPreconditionFailed (UserDataSyncError) syncResource:unknown operationId:unknown: Не удается записать файл "vscode-userdata:/c:/Users/USER/AppData/Roaming/Code/User/settings.json" (Error: Файл изменен с)
    at u.wb (c:\Users\USER\AppData\Local\Programs\Microsoft VS Code\resources\app\out\vs\code\node\sharedProcess\sharedProcessMain.js:108:21021)
    at async u.tb (c:\Users\USER\AppData\Local\Programs\Microsoft VS Code\resources\app\out\vs\code\node\sharedProcess\sharedProcessMain.js:108:52914)
    at async u.ab (c:\Users\USER\AppData\Local\Programs\Microsoft VS Code\resources\app\out\vs\code\node\sharedProcess\sharedProcessMain.js:108:15032)
    at async u.apply (c:\Users\USER\AppData\Local\Programs\Microsoft VS Code\resources\app\out\vs\code\node\sharedProcess\sharedProcessMain.js:108:10311)
    at async a.apply (c:\Users\USER\AppData\Local\Programs\Microsoft VS Code\resources\app\out\vs\code\node\sharedProcess\sharedProcessMain.js:108:111986)
    at async r.R (c:\Users\USER\AppData\Local\Programs\Microsoft VS Code\resources\app\out\vs\code\node\sharedProcess\sharedProcessMain.js:108:103666)
    at async Object.apply (c:\Users\USER\AppData\Local\Programs\Microsoft VS Code\resources\app\out\vs\code\node\sharedProcess\sharedProcessMain.js:108:102252)
    at async g.call (c:\Users\USER\AppData\Local\Programs\Microsoft VS Code\resources\app\out\vs\code\node\sharedProcess\sharedProcessMain.js:108:114923)
2023-11-11 15:25:53.162 [error] settings: Не удается записать файл "vscode-userdata:/c:/Users/USER/AppData/Roaming/Code/User/settings.json" (Error: Файл изменен с)
2023-11-11 15:25:53.162 [info] Keybindings: No changes found during synchronizing keybindings.
2023-11-11 15:25:53.171 [info] Keybindings: Updated last synchronized keybindings
2023-11-11 15:25:53.173 [info] Snippets: No changes found during synchronizing snippets.
2023-11-11 15:25:53.184 [info] Snippets: Updated last synchronized snippets
2023-11-11 15:25:53.185 [info] Tasks: No changes found during synchronizing tasks.
2023-11-11 15:25:53.192 [info] Tasks: Updated last synchronized tasks
2023-11-11 15:25:53.211 [info] GlobalState: Updated global state ["userDataProfiles.state.hidden","workbench.activity.pinnedViewlets2","nps/lastSessionDate","nps/sessionCount","workbench.statusbar.hidden","memento/gettingStartedService","commandPalette.mru.cache","cpp.1.lastSessionDate","java.2.lastSessionDate","javascript.1.lastSessionDate","typescript.1.lastSessionDate","snippets.usageTimestamps","extensionsAssistant/deprecated"]
2023-11-11 15:25:53.211 [info] GlobalState: Updated local ui state
2023-11-11 15:25:53.374 [info] Settings: Migrating last sync user data. Resource does not exist.
2023-11-11 15:25:53.374 [info] Settings: Last sync data state does not exist.
2023-11-11 15:25:53.497 [info] GlobalState: Migrating last sync user data. Resource does not exist.
2023-11-11 15:25:53.498 [info] GlobalState: Last sync data state does not exist.
2023-11-11 15:25:53.801 [info] Settings: Updated remote settings
2023-11-11 15:25:53.810 [info] Settings: Updated last synchronized settings
2023-11-11 15:25:54.102 [info] GlobalState: Migrating last sync user data. Resource does not exist.
2023-11-11 15:25:54.102 [info] GlobalState: Last sync data state does not exist.
2023-11-11 15:25:54.162 [info] GlobalState: Updated remote ui state. Added: cpp.1.sessionCount,java.2.sessionCount,javascript.1.sessionCount,typescript.1.sessionCount,csharp.1.lastSessionDate,csharp.1.sessionCount.
2023-11-11 15:25:54.167 [info] GlobalState: Updated last synchronized ui state
2023-11-11 15:25:54.797 [info] Extensions: Skipped synchronizing extension because the extension is not found. coenraads.bracket-pair-colorizer
2023-11-11 15:27:04.366 [info] Extensions: Installed extension. iulian-radu-at.find-unused-exports 2.1.1
2023-11-11 15:27:04.366 [info] Extensions: Installed extension. simonsiefke.svg-preview 2.8.3
2023-11-11 15:27:04.367 [info] Extensions: Installed extension. orta.vscode-twoslash-queries 1.2.2
2023-11-11 15:27:04.367 [info] Extensions: Installed extension. ms-python.python 2023.20.0
2023-11-11 15:27:04.367 [info] Extensions: Installed extension. ms-python.vscode-pylance 2023.11.10
2023-11-11 15:27:04.390 [info] Extensions: Updated last synchronized extensions. Skipped: ["coenraads.bracket-pair-colorizer"].
2023-11-11 15:27:04.395 [info] Profiles: No changes found during synchronizing profiles.
2023-11-11 15:27:04.402 [info] Profiles: Updated last synchronized profiles.
2023-11-11 15:27:04.408 [info] Sync done. Took 99681ms
2023-11-11 15:27:04.499 [info] Auto Sync: Triggered by Interval
2023-11-11 15:27:04.499 [info] Sync started.
2023-11-11 15:27:06.006 [info] Settings: No changes found during synchronizing settings.
2023-11-11 15:27:06.025 [info] Keybindings: No changes found during synchronizing keybindings.
2023-11-11 15:27:06.032 [info] Snippets: No changes found during synchronizing snippets.
2023-11-11 15:27:06.036 [info] Tasks: No changes found during synchronizing tasks.
2023-11-11 15:27:06.726 [info] GlobalState: Updated remote ui state. Updated: workbench.activity.pinnedViewlets2,workbench.view.sync.state.hidden.
2023-11-11 15:27:06.755 [info] GlobalState: Updated last synchronized ui state
2023-11-11 15:27:07.125 [info] Extensions: No changes found during synchronizing extensions.
2023-11-11 15:27:07.129 [info] Profiles: No changes found during synchronizing profiles.
2023-11-11 15:27:07.183 [info] Sync done. Took 2684ms
2023-11-11 15:27:07.938 [info] Auto Sync: Triggered by Activity
2023-11-11 15:27:07.939 [info] Sync started.
2023-11-11 15:27:08.201 [info] Settings: No changes found during synchronizing settings.
2023-11-11 15:27:08.220 [info] Keybindings: No changes found during synchronizing keybindings.
2023-11-11 15:27:08.226 [info] Snippets: No changes found during synchronizing snippets.
2023-11-11 15:27:08.230 [info] Tasks: No changes found during synchronizing tasks.
2023-11-11 15:27:08.235 [info] GlobalState: No changes found during synchronizing ui state.
2023-11-11 15:27:08.410 [info] Extensions: No changes found during synchronizing extensions.
2023-11-11 15:27:08.417 [info] Profiles: No changes found during synchronizing profiles.
2023-11-11 15:27:08.422 [info] Sync done. Took 483ms
2023-11-11 15:27:37.991 [info] Auto Sync: Triggered by Activity
2023-11-11 15:27:37.992 [info] Sync started.
2023-11-11 15:27:38.163 [info] Settings: No changes found during synchronizing settings.
2023-11-11 15:27:38.192 [info] Keybindings: No changes found during synchronizing keybindings.
2023-11-11 15:27:38.198 [info] Snippets: No changes found during synchronizing snippets.
2023-11-11 15:27:38.201 [info] Tasks: No changes found during synchronizing tasks.
2023-11-11 15:27:38.207 [info] GlobalState: No changes found during synchronizing ui state.
2023-11-11 15:27:38.443 [info] Extensions: No changes found during synchronizing extensions.
2023-11-11 15:27:38.446 [info] Profiles: No changes found during synchronizing profiles.
2023-11-11 15:27:38.449 [info] Sync done. Took 458ms
2023-11-11 15:30:32.481 [info] Auto Sync: Triggered by Activity
2023-11-11 15:30:32.482 [info] Sync started.
2023-11-11 15:30:32.899 [info] Settings: No changes found during synchronizing settings.
2023-11-11 15:30:32.921 [info] Keybindings: No changes found during synchronizing keybindings.
2023-11-11 15:30:32.937 [info] Snippets: No changes found during synchronizing snippets.
2023-11-11 15:30:32.945 [info] Tasks: No changes found during synchronizing tasks.
2023-11-11 15:30:32.954 [info] GlobalState: No changes found during synchronizing ui state.
2023-11-11 15:30:33.162 [info] Extensions: No changes found during synchronizing extensions.
2023-11-11 15:30:33.169 [info] Profiles: No changes found during synchronizing profiles.
2023-11-11 15:30:33.172 [info] Sync done. Took 695ms
2023-11-11 15:32:01.337 [info] Auto Sync: Triggered by Activity
2023-11-11 15:32:01.338 [info] Sync started.
2023-11-11 15:32:01.554 [info] Settings: No changes found during synchronizing settings.
2023-11-11 15:32:01.566 [info] Keybindings: No changes found during synchronizing keybindings.
2023-11-11 15:32:01.575 [info] Snippets: No changes found during synchronizing snippets.
2023-11-11 15:32:01.580 [info] Tasks: No changes found during synchronizing tasks.
2023-11-11 15:32:01.587 [info] GlobalState: No changes found during synchronizing ui state.
2023-11-11 15:32:01.749 [info] Extensions: No changes found during synchronizing extensions.
2023-11-11 15:32:01.751 [info] Profiles: No changes found during synchronizing profiles.
2023-11-11 15:32:01.753 [info] Sync done. Took 417ms
2023-11-11 15:33:18.386 [info] Auto Sync: Triggered by Activity
2023-11-11 15:33:18.387 [info] Sync started.
2023-11-11 15:33:18.620 [info] Settings: No changes found during synchronizing settings.
2023-11-11 15:33:18.626 [info] Keybindings: No changes found during synchronizing keybindings.
2023-11-11 15:33:18.631 [info] Snippets: No changes found during synchronizing snippets.
2023-11-11 15:33:18.636 [info] Tasks: No changes found during synchronizing tasks.
2023-11-11 15:33:18.641 [info] GlobalState: No changes found during synchronizing ui state.
2023-11-11 15:33:18.824 [info] Extensions: No changes found during synchronizing extensions.
2023-11-11 15:33:18.827 [info] Profiles: No changes found during synchronizing profiles.
2023-11-11 15:33:18.829 [info] Sync done. Took 444ms
2023-11-11 15:34:28.532 [info] Auto Sync: Triggered by Activity
2023-11-11 15:34:28.533 [info] Sync started.
2023-11-11 15:34:28.757 [info] Settings: No changes found during synchronizing settings.
2023-11-11 15:34:28.775 [info] Keybindings: No changes found during synchronizing keybindings.
2023-11-11 15:34:28.785 [info] Snippets: No changes found during synchronizing snippets.
2023-11-11 15:34:28.789 [info] Tasks: No changes found during synchronizing tasks.
2023-11-11 15:34:28.797 [info] GlobalState: No changes found during synchronizing ui state.
2023-11-11 15:34:28.965 [info] Extensions: No changes found during synchronizing extensions.
2023-11-11 15:34:28.967 [info] Profiles: No changes found during synchronizing profiles.
2023-11-11 15:34:28.969 [info] Sync done. Took 440ms
2023-11-11 15:34:57.430 [info] Auto Sync: Triggered by Activity
2023-11-11 15:34:57.430 [info] Sync started.
2023-11-11 15:34:57.682 [info] Settings: No changes found during synchronizing settings.
2023-11-11 15:34:57.697 [info] Keybindings: No changes found during synchronizing keybindings.
2023-11-11 15:34:57.704 [info] Snippets: No changes found during synchronizing snippets.
2023-11-11 15:34:57.710 [info] Tasks: No changes found during synchronizing tasks.
2023-11-11 15:34:57.716 [info] GlobalState: No changes found during synchronizing ui state.
2023-11-11 15:34:57.943 [info] Extensions: No changes found during synchronizing extensions.
2023-11-11 15:34:57.946 [info] Profiles: No changes found during synchronizing profiles.
2023-11-11 15:34:57.949 [info] Sync done. Took 519ms
2023-11-11 15:35:00.023 [info] Auto Sync: Triggered by Activity
2023-11-11 15:35:00.023 [info] Sync started.
2023-11-11 15:35:00.496 [info] Request failed {"url":"https://vscode-sync.trafficmanager.net/v1/resource/settings","status":412,"execution-id":"7684057c-1403-4460-a96a-e2bf12e19684","operation-id":"a32a2b1a68b24ff4a3cdfadf03f4d7b9"} Precondition failed
2023-11-11 15:35:00.497 [info] Settings: Failed to synchronize as there is a new remote version available. Synchronizing again...
2023-11-11 15:35:00.878 [info] Settings: Detected conflicts while synchronizing settings.
2023-11-11 15:35:00.888 [info] Keybindings: No changes found during synchronizing keybindings.
2023-11-11 15:35:00.893 [info] Snippets: No changes found during synchronizing snippets.
2023-11-11 15:35:00.896 [info] Tasks: No changes found during synchronizing tasks.
2023-11-11 15:35:00.901 [info] GlobalState: No changes found during synchronizing ui state.
2023-11-11 15:35:01.085 [info] Extensions: No changes found during synchronizing extensions.
2023-11-11 15:35:01.087 [info] Profiles: No changes found during synchronizing profiles.
2023-11-11 15:35:01.089 [info] Sync done. Took 1066ms
2023-11-11 15:36:39.719 [info] Auto Sync: Triggered by Activity
2023-11-11 15:36:39.719 [info] Sync started.
2023-11-11 15:36:40.002 [info] Settings: Skipped synchronizing settings as there are conflicts.
2023-11-11 15:36:40.006 [info] Keybindings: No changes found during synchronizing keybindings.
2023-11-11 15:36:40.011 [info] Snippets: No changes found during synchronizing snippets.
2023-11-11 15:36:40.015 [info] Tasks: No changes found during synchronizing tasks.
2023-11-11 15:36:40.020 [info] GlobalState: No changes found during synchronizing ui state.
2023-11-11 15:36:40.250 [info] Extensions: No changes found during synchronizing extensions.
2023-11-11 15:36:40.253 [info] Profiles: No changes found during synchronizing profiles.
2023-11-11 15:36:40.255 [info] Sync done. Took 537ms
2023-11-11 15:36:44.989 [info] Settings: Updated remote settings
2023-11-11 15:36:44.996 [info] Settings: Updated last synchronized settings
2023-11-11 15:36:51.333 [info] Auto Sync: Triggered by Activity
2023-11-11 15:36:51.333 [info] Sync started.
2023-11-11 15:36:51.473 [info] Settings: No changes found during synchronizing settings.
2023-11-11 15:36:51.481 [info] Keybindings: No changes found during synchronizing keybindings.
2023-11-11 15:36:51.494 [info] Snippets: No changes found during synchronizing snippets.
2023-11-11 15:36:51.503 [info] Tasks: No changes found during synchronizing tasks.
2023-11-11 15:36:51.513 [info] GlobalState: No changes found during synchronizing ui state.
2023-11-11 15:36:51.765 [info] Extensions: No changes found during synchronizing extensions.
2023-11-11 15:36:51.767 [info] Profiles: No changes found during synchronizing profiles.
2023-11-11 15:36:51.769 [info] Sync done. Took 436ms
2023-11-11 15:37:15.150 [info] Auto Sync: Triggered by Activity
2023-11-11 15:37:15.150 [info] Sync started.
2023-11-11 15:37:15.378 [info] Settings: No changes found during synchronizing settings.
2023-11-11 15:37:15.383 [info] Keybindings: No changes found during synchronizing keybindings.
2023-11-11 15:37:15.388 [info] Snippets: No changes found during synchronizing snippets.
2023-11-11 15:37:15.391 [info] Tasks: No changes found during synchronizing tasks.
2023-11-11 15:37:15.398 [info] GlobalState: No changes found during synchronizing ui state.
2023-11-11 15:37:15.769 [info] Extensions: No changes found during synchronizing extensions.
2023-11-11 15:37:15.773 [info] Profiles: No changes found during synchronizing profiles.
2023-11-11 15:37:15.775 [info] Sync done. Took 625ms
2023-11-11 15:37:26.889 [info] Auto Sync: Triggered by Activity
2023-11-11 15:37:26.889 [info] Sync started.
2023-11-11 15:37:27.002 [info] Settings: No changes found during synchronizing settings.
2023-11-11 15:37:27.008 [info] Keybindings: No changes found during synchronizing keybindings.
2023-11-11 15:37:27.014 [info] Snippets: No changes found during synchronizing snippets.
2023-11-11 15:37:27.018 [info] Tasks: No changes found during synchronizing tasks.
2023-11-11 15:37:27.025 [info] GlobalState: No changes found during synchronizing ui state.
2023-11-11 15:37:27.256 [info] Extensions: No changes found during synchronizing extensions.
2023-11-11 15:37:27.259 [info] Profiles: No changes found during synchronizing profiles.
2023-11-11 15:37:27.261 [info] Sync done. Took 372ms
2023-11-11 15:37:40.565 [info] Auto Sync: Triggered by Activity
2023-11-11 15:37:40.565 [info] Sync started.
2023-11-11 15:37:40.678 [info] Settings: No changes found during synchronizing settings.
2023-11-11 15:37:40.685 [info] Keybindings: No changes found during synchronizing keybindings.
2023-11-11 15:37:40.696 [info] Snippets: No changes found during synchronizing snippets.
2023-11-11 15:37:40.701 [info] Tasks: No changes found during synchronizing tasks.
2023-11-11 15:37:40.707 [info] GlobalState: No changes found during synchronizing ui state.
2023-11-11 15:37:41.196 [info] Extensions: No changes found during synchronizing extensions.
2023-11-11 15:37:41.200 [info] Profiles: No changes found during synchronizing profiles.
2023-11-11 15:37:41.205 [info] Sync done. Took 641ms
2023-11-11 15:38:24.282 [info] Auto Sync: Triggered by Activity
2023-11-11 15:38:24.283 [info] Sync started.
2023-11-11 15:38:24.375 [info] Settings: No changes found during synchronizing settings.
2023-11-11 15:38:24.380 [info] Keybindings: No changes found during synchronizing keybindings.
2023-11-11 15:38:24.384 [info] Snippets: No changes found during synchronizing snippets.
2023-11-11 15:38:24.389 [info] Tasks: No changes found during synchronizing tasks.
2023-11-11 15:38:24.394 [info] GlobalState: No changes found during synchronizing ui state.
2023-11-11 15:38:24.577 [info] Extensions: No changes found during synchronizing extensions.
2023-11-11 15:38:24.579 [info] Profiles: No changes found during synchronizing profiles.
2023-11-11 15:38:24.581 [info] Sync done. Took 298ms
2023-11-11 15:38:50.322 [info] Auto Sync: Triggered by Activity
2023-11-11 15:38:50.323 [info] Sync started.
2023-11-11 15:38:50.434 [info] Settings: No changes found during synchronizing settings.
2023-11-11 15:38:50.447 [info] Keybindings: No changes found during synchronizing keybindings.
2023-11-11 15:38:50.456 [info] Snippets: No changes found during synchronizing snippets.
2023-11-11 15:38:50.460 [info] Tasks: No changes found during synchronizing tasks.
2023-11-11 15:38:50.468 [info] GlobalState: No changes found during synchronizing ui state.
2023-11-11 15:38:50.615 [info] Extensions: No changes found during synchronizing extensions.
2023-11-11 15:38:50.618 [info] Profiles: No changes found during synchronizing profiles.
2023-11-11 15:38:50.620 [info] Sync done. Took 300ms
2023-11-11 15:39:13.767 [info] Auto Sync: Triggered by Activity
2023-11-11 15:39:13.768 [info] Sync started.
2023-11-11 15:39:13.868 [info] Settings: No changes found during synchronizing settings.
2023-11-11 15:39:13.876 [info] Keybindings: No changes found during synchronizing keybindings.
2023-11-11 15:39:13.881 [info] Snippets: No changes found during synchronizing snippets.
2023-11-11 15:39:13.886 [info] Tasks: No changes found during synchronizing tasks.
2023-11-11 15:39:13.891 [info] GlobalState: No changes found during synchronizing ui state.
2023-11-11 15:39:14.041 [info] Extensions: No changes found during synchronizing extensions.
2023-11-11 15:39:14.043 [info] Profiles: No changes found during synchronizing profiles.
2023-11-11 15:39:14.045 [info] Sync done. Took 277ms
2023-11-11 15:39:48.099 [info] Auto Sync: Triggered by Activity
2023-11-11 15:39:48.099 [info] Sync started.
2023-11-11 15:39:48.187 [info] Settings: No changes found during synchronizing settings.
2023-11-11 15:39:48.192 [info] Keybindings: No changes found during synchronizing keybindings.
2023-11-11 15:39:48.197 [info] Snippets: No changes found during synchronizing snippets.
2023-11-11 15:39:48.201 [info] Tasks: No changes found during synchronizing tasks.
2023-11-11 15:39:48.206 [info] GlobalState: No changes found during synchronizing ui state.
2023-11-11 15:39:48.391 [info] Extensions: No changes found during synchronizing extensions.
2023-11-11 15:39:48.393 [info] Profiles: No changes found during synchronizing profiles.
2023-11-11 15:39:48.396 [info] Sync done. Took 297ms
2023-11-11 15:40:08.180 [info] Auto Sync: Triggered by Activity
2023-11-11 15:40:08.180 [info] Sync started.
2023-11-11 15:40:08.268 [info] Settings: No changes found during synchronizing settings.
2023-11-11 15:40:08.273 [info] Keybindings: No changes found during synchronizing keybindings.
2023-11-11 15:40:08.277 [info] Snippets: No changes found during synchronizing snippets.
2023-11-11 15:40:08.281 [info] Tasks: No changes found during synchronizing tasks.
2023-11-11 15:40:08.286 [info] GlobalState: No changes found during synchronizing ui state.
2023-11-11 15:40:08.471 [info] Extensions: No changes found during synchronizing extensions.
2023-11-11 15:40:08.474 [info] Profiles: No changes found during synchronizing profiles.
2023-11-11 15:40:08.476 [info] Sync done. Took 297ms
2023-11-11 15:40:22.930 [info] Auto Sync: Triggered by Activity
2023-11-11 15:40:22.930 [info] Sync started.
2023-11-11 15:40:23.020 [info] Settings: No changes found during synchronizing settings.
2023-11-11 15:40:23.024 [info] Keybindings: No changes found during synchronizing keybindings.
2023-11-11 15:40:23.029 [info] Snippets: No changes found during synchronizing snippets.
2023-11-11 15:40:23.032 [info] Tasks: No changes found during synchronizing tasks.
2023-11-11 15:40:23.037 [info] GlobalState: No changes found during synchronizing ui state.
2023-11-11 15:40:23.222 [info] Extensions: No changes found during synchronizing extensions.
2023-11-11 15:40:23.224 [info] Profiles: No changes found during synchronizing profiles.
2023-11-11 15:40:23.227 [info] Sync done. Took 297ms
2023-11-11 15:43:23.277 [info] Auto Sync: Triggered by Activity
2023-11-11 15:43:23.277 [info] Sync started.
2023-11-11 15:43:23.653 [info] Settings: No changes found during synchronizing settings.
2023-11-11 15:43:23.660 [info] Keybindings: No changes found during synchronizing keybindings.
2023-11-11 15:43:23.668 [info] Snippets: No changes found during synchronizing snippets.
2023-11-11 15:43:23.672 [info] Tasks: No changes found during synchronizing tasks.
2023-11-11 15:43:23.678 [info] GlobalState: No changes found during synchronizing ui state.
2023-11-11 15:43:23.837 [info] Extensions: No changes found during synchronizing extensions.
2023-11-11 15:43:23.839 [info] Profiles: No changes found during synchronizing profiles.
2023-11-11 15:43:23.841 [info] Sync done. Took 564ms
2023-11-11 15:43:47.498 [info] Auto Sync: Triggered by Activity
2023-11-11 15:43:47.498 [info] Sync started.
2023-11-11 15:43:47.646 [info] Settings: No changes found during synchronizing settings.
2023-11-11 15:43:47.654 [info] Keybindings: No changes found during synchronizing keybindings.
2023-11-11 15:43:47.660 [info] Snippets: No changes found during synchronizing snippets.
2023-11-11 15:43:47.664 [info] Tasks: No changes found during synchronizing tasks.
2023-11-11 15:43:47.670 [info] GlobalState: No changes found during synchronizing ui state.
2023-11-11 15:43:47.823 [info] Extensions: No changes found during synchronizing extensions.
2023-11-11 15:43:47.825 [info] Profiles: No changes found during synchronizing profiles.
2023-11-11 15:43:47.828 [info] Sync done. Took 331ms
2023-11-11 15:44:05.297 [info] Auto Sync: Triggered by Activity
2023-11-11 15:44:05.298 [info] Sync started.
2023-11-11 15:44:05.413 [info] Settings: No changes found during synchronizing settings.
2023-11-11 15:44:05.425 [info] Keybindings: No changes found during synchronizing keybindings.
2023-11-11 15:44:05.432 [info] Snippets: No changes found during synchronizing snippets.
2023-11-11 15:44:05.437 [info] Tasks: No changes found during synchronizing tasks.
2023-11-11 15:44:05.443 [info] GlobalState: No changes found during synchronizing ui state.
2023-11-11 15:44:05.600 [info] Extensions: No changes found during synchronizing extensions.
2023-11-11 15:44:05.602 [info] Profiles: No changes found during synchronizing profiles.
2023-11-11 15:44:05.604 [info] Sync done. Took 308ms
2023-11-11 15:44:23.283 [info] Auto Sync: Triggered by Activity
2023-11-11 15:44:23.284 [info] Sync started.
2023-11-11 15:44:23.388 [info] Settings: No changes found during synchronizing settings.
2023-11-11 15:44:23.395 [info] Keybindings: No changes found during synchronizing keybindings.
2023-11-11 15:44:23.401 [info] Snippets: No changes found during synchronizing snippets.
2023-11-11 15:44:23.404 [info] Tasks: No changes found during synchronizing tasks.
2023-11-11 15:44:23.409 [info] GlobalState: No changes found during synchronizing ui state.
2023-11-11 15:44:23.558 [info] Extensions: No changes found during synchronizing extensions.
2023-11-11 15:44:23.561 [info] Profiles: No changes found during synchronizing profiles.
2023-11-11 15:44:23.562 [info] Sync done. Took 279ms
2023-11-11 15:44:40.086 [info] Auto Sync: Triggered by Activity
2023-11-11 15:44:40.087 [info] Sync started.
2023-11-11 15:44:40.209 [info] Settings: No changes found during synchronizing settings.
2023-11-11 15:44:40.225 [info] Keybindings: No changes found during synchronizing keybindings.
2023-11-11 15:44:40.239 [info] Snippets: No changes found during synchronizing snippets.
2023-11-11 15:44:40.249 [info] Tasks: No changes found during synchronizing tasks.
2023-11-11 15:44:40.258 [info] GlobalState: No changes found during synchronizing ui state.
2023-11-11 15:44:40.419 [info] Extensions: No changes found during synchronizing extensions.
2023-11-11 15:44:40.421 [info] Profiles: No changes found during synchronizing profiles.
2023-11-11 15:44:40.423 [info] Sync done. Took 338ms
2023-11-11 15:44:57.962 [info] Auto Sync: Triggered by Activity
2023-11-11 15:44:57.962 [info] Sync started.
2023-11-11 15:44:58.203 [info] Settings: No changes found during synchronizing settings.
2023-11-11 15:44:58.208 [info] Keybindings: No changes found during synchronizing keybindings.
2023-11-11 15:44:58.213 [info] Snippets: No changes found during synchronizing snippets.
2023-11-11 15:44:58.216 [info] Tasks: No changes found during synchronizing tasks.
2023-11-11 15:44:58.222 [info] GlobalState: No changes found during synchronizing ui state.
2023-11-11 15:44:58.441 [info] Extensions: No changes found during synchronizing extensions.
2023-11-11 15:44:58.445 [info] Profiles: No changes found during synchronizing profiles.
2023-11-11 15:44:58.447 [info] Sync done. Took 486ms
2023-11-11 15:45:17.653 [info] Auto Sync: Triggered by Activity
2023-11-11 15:45:17.653 [info] Sync started.
2023-11-11 15:45:17.910 [info] Settings: No changes found during synchronizing settings.
2023-11-11 15:45:17.920 [info] Keybindings: No changes found during synchronizing keybindings.
2023-11-11 15:45:17.928 [info] Snippets: No changes found during synchronizing snippets.
2023-11-11 15:45:17.934 [info] Tasks: No changes found during synchronizing tasks.
2023-11-11 15:45:17.940 [info] GlobalState: No changes found during synchronizing ui state.
2023-11-11 15:45:18.138 [info] Extensions: No changes found during synchronizing extensions.
2023-11-11 15:45:18.141 [info] Profiles: No changes found during synchronizing profiles.
2023-11-11 15:45:18.143 [info] Sync done. Took 492ms
2023-11-11 15:45:33.751 [info] Auto Sync: Triggered by Activity
2023-11-11 15:45:33.751 [info] Sync started.
2023-11-11 15:45:33.993 [info] Settings: No changes found during synchronizing settings.
2023-11-11 15:45:34.011 [info] Keybindings: No changes found during synchronizing keybindings.
2023-11-11 15:45:34.018 [info] Snippets: No changes found during synchronizing snippets.
2023-11-11 15:45:34.024 [info] Tasks: No changes found during synchronizing tasks.
2023-11-11 15:45:34.029 [info] GlobalState: No changes found during synchronizing ui state.
2023-11-11 15:45:34.259 [info] Extensions: No changes found during synchronizing extensions.
2023-11-11 15:45:34.262 [info] Profiles: No changes found during synchronizing profiles.
2023-11-11 15:45:34.264 [info] Sync done. Took 513ms
2023-11-11 15:45:45.545 [info] Auto Sync: Triggered by Activity
2023-11-11 15:45:45.545 [info] Sync started.
2023-11-11 15:45:45.799 [info] Settings: No changes found during synchronizing settings.
2023-11-11 15:45:45.804 [info] Keybindings: No changes found during synchronizing keybindings.
2023-11-11 15:45:45.809 [info] Snippets: No changes found during synchronizing snippets.
2023-11-11 15:45:45.812 [info] Tasks: No changes found during synchronizing tasks.
2023-11-11 15:45:45.818 [info] GlobalState: No changes found during synchronizing ui state.
2023-11-11 15:45:45.980 [info] Extensions: No changes found during synchronizing extensions.
2023-11-11 15:45:45.983 [info] Profiles: No changes found during synchronizing profiles.
2023-11-11 15:45:45.985 [info] Sync done. Took 441ms
2023-11-11 15:45:56.008 [info] Auto Sync: Triggered by Activity
2023-11-11 15:45:56.008 [info] Sync started.
2023-11-11 15:45:56.981 [info] Settings: Updated remote settings
2023-11-11 15:45:57.245 [info] Settings: Updated last synchronized settings
2023-11-11 15:45:57.251 [info] Keybindings: No changes found during synchronizing keybindings.
2023-11-11 15:45:57.256 [info] Snippets: No changes found during synchronizing snippets.
2023-11-11 15:45:57.262 [info] Tasks: No changes found during synchronizing tasks.
2023-11-11 15:45:57.268 [info] GlobalState: No changes found during synchronizing ui state.
2023-11-11 15:45:57.459 [info] Extensions: No changes found during synchronizing extensions.
2023-11-11 15:45:57.462 [info] Profiles: No changes found during synchronizing profiles.
2023-11-11 15:45:57.465 [info] Sync done. Took 1458ms
2023-11-11 15:46:16.759 [info] Auto Sync: Triggered by Activity
2023-11-11 15:46:16.760 [info] Sync started.
2023-11-11 15:46:17.048 [info] Settings: No changes found during synchronizing settings.
2023-11-11 15:46:17.054 [info] Keybindings: No changes found during synchronizing keybindings.
2023-11-11 15:46:17.059 [info] Snippets: No changes found during synchronizing snippets.
2023-11-11 15:46:17.063 [info] Tasks: No changes found during synchronizing tasks.
2023-11-11 15:46:17.068 [info] GlobalState: No changes found during synchronizing ui state.
2023-11-11 15:46:17.280 [info] Extensions: No changes found during synchronizing extensions.
2023-11-11 15:46:17.283 [info] Profiles: No changes found during synchronizing profiles.
2023-11-11 15:46:17.285 [info] Sync done. Took 525ms
2023-11-11 15:46:32.843 [info] Auto Sync: Triggered by Activity
2023-11-11 15:46:32.844 [info] Sync started.
2023-11-11 15:46:32.974 [info] Settings: No changes found during synchronizing settings.
2023-11-11 15:46:32.990 [info] Keybindings: No changes found during synchronizing keybindings.
2023-11-11 15:46:33.000 [info] Snippets: No changes found during synchronizing snippets.
2023-11-11 15:46:33.005 [info] Tasks: No changes found during synchronizing tasks.
2023-11-11 15:46:33.012 [info] GlobalState: No changes found during synchronizing ui state.
2023-11-11 15:46:33.171 [info] Extensions: No changes found during synchronizing extensions.
2023-11-11 15:46:33.173 [info] Profiles: No changes found during synchronizing profiles.
2023-11-11 15:46:33.175 [info] Sync done. Took 334ms
2023-11-11 15:46:38.339 [info] Auto Sync: Triggered by Activity
2023-11-11 15:46:38.340 [info] Sync started.
2023-11-11 15:46:39.098 [info] Settings: Updated remote settings
2023-11-11 15:46:39.113 [info] Settings: Updated last synchronized settings
2023-11-11 15:46:39.124 [info] Keybindings: No changes found during synchronizing keybindings.
2023-11-11 15:46:39.131 [info] Snippets: No changes found during synchronizing snippets.
2023-11-11 15:46:39.135 [info] Tasks: No changes found during synchronizing tasks.
2023-11-11 15:46:39.141 [info] GlobalState: No changes found during synchronizing ui state.
2023-11-11 15:46:39.328 [info] Extensions: No changes found during synchronizing extensions.
2023-11-11 15:46:39.329 [info] Profiles: No changes found during synchronizing profiles.
2023-11-11 15:46:39.332 [info] Sync done. Took 992ms
2023-11-11 15:46:47.223 [info] Auto Sync: Triggered by Activity
2023-11-11 15:46:47.224 [info] Sync started.
2023-11-11 15:46:47.976 [info] Settings: Updated remote settings
2023-11-11 15:46:48.066 [info] Settings: Updated last synchronized settings
2023-11-11 15:46:48.072 [info] Keybindings: No changes found during synchronizing keybindings.
2023-11-11 15:46:48.077 [info] Snippets: No changes found during synchronizing snippets.
2023-11-11 15:46:48.080 [info] Tasks: No changes found during synchronizing tasks.
2023-11-11 15:46:48.086 [info] GlobalState: No changes found during synchronizing ui state.
2023-11-11 15:46:48.660 [info] Extensions: No changes found during synchronizing extensions.
2023-11-11 15:46:48.665 [info] Profiles: No changes found during synchronizing profiles.
2023-11-11 15:46:48.668 [info] Sync done. Took 1447ms
2023-11-11 15:47:10.013 [info] Auto Sync: Triggered by Activity
2023-11-11 15:47:10.014 [info] Sync started.
2023-11-11 15:47:10.717 [info] Settings: Updated remote settings
2023-11-11 15:47:10.729 [info] Settings: Updated last synchronized settings
2023-11-11 15:47:10.745 [info] Keybindings: No changes found during synchronizing keybindings.
2023-11-11 15:47:10.753 [info] Snippets: No changes found during synchronizing snippets.
2023-11-11 15:47:10.760 [info] Tasks: No changes found during synchronizing tasks.
2023-11-11 15:47:10.767 [info] GlobalState: No changes found during synchronizing ui state.
2023-11-11 15:47:10.946 [info] Extensions: No changes found during synchronizing extensions.
2023-11-11 15:47:10.948 [info] Profiles: No changes found during synchronizing profiles.
2023-11-11 15:47:10.953 [info] Sync done. Took 941ms
2023-11-11 15:47:23.818 [info] Auto Sync: Triggered by Activity
2023-11-11 15:47:23.818 [info] Sync started.
2023-11-11 15:47:23.931 [info] Settings: No changes found during synchronizing settings.
2023-11-11 15:47:23.936 [info] Keybindings: No changes found during synchronizing keybindings.
2023-11-11 15:47:23.942 [info] Snippets: No changes found during synchronizing snippets.
2023-11-11 15:47:23.946 [info] Tasks: No changes found during synchronizing tasks.
2023-11-11 15:47:23.952 [info] GlobalState: No changes found during synchronizing ui state.
2023-11-11 15:47:24.144 [info] Extensions: No changes found during synchronizing extensions.
2023-11-11 15:47:24.146 [info] Profiles: No changes found during synchronizing profiles.
2023-11-11 15:47:24.148 [info] Sync done. Took 330ms
2023-11-11 15:47:51.413 [info] Auto Sync: Triggered by Activity
2023-11-11 15:47:51.414 [info] Sync started.
2023-11-11 15:47:51.911 [info] Settings: No changes found during synchronizing settings.
2023-11-11 15:47:51.919 [info] Keybindings: No changes found during synchronizing keybindings.
2023-11-11 15:47:51.926 [info] Snippets: No changes found during synchronizing snippets.
2023-11-11 15:47:51.929 [info] Tasks: No changes found during synchronizing tasks.
2023-11-11 15:47:51.936 [info] GlobalState: No changes found during synchronizing ui state.
2023-11-11 15:47:52.101 [info] Extensions: No changes found during synchronizing extensions.
2023-11-11 15:47:52.103 [info] Profiles: No changes found during synchronizing profiles.
2023-11-11 15:47:52.105 [info] Sync done. Took 693ms
2023-11-11 15:48:45.949 [info] Auto Sync: Triggered by Activity
2023-11-11 15:48:45.949 [info] Sync started.
2023-11-11 15:48:46.111 [info] Settings: No changes found during synchronizing settings.
2023-11-11 15:48:46.119 [info] Keybindings: No changes found during synchronizing keybindings.
2023-11-11 15:48:46.127 [info] Snippets: No changes found during synchronizing snippets.
2023-11-11 15:48:46.130 [info] Tasks: No changes found during synchronizing tasks.
2023-11-11 15:48:46.135 [info] GlobalState: No changes found during synchronizing ui state.
2023-11-11 15:48:46.432 [info] Extensions: No changes found during synchronizing extensions.
2023-11-11 15:48:46.435 [info] Profiles: No changes found during synchronizing profiles.
2023-11-11 15:48:46.438 [info] Sync done. Took 490ms
2023-11-11 15:49:01.490 [info] Auto Sync: Triggered by Activity
2023-11-11 15:49:01.490 [info] Sync started.
2023-11-11 15:49:02.238 [info] Settings: No changes found during synchronizing settings.
2023-11-11 15:49:02.612 [info] Keybindings: No changes found during synchronizing keybindings.
2023-11-11 15:49:02.935 [info] Snippets: No changes found during synchronizing snippets.
2023-11-11 15:49:03.004 [info] Tasks: No changes found during synchronizing tasks.
2023-11-11 15:49:03.010 [info] GlobalState: No changes found during synchronizing ui state.
2023-11-11 15:49:04.036 [info] Extensions: Updated remote extensions. Updated: ["dbaeumer.vscode-eslint"].
2023-11-11 15:49:04.155 [info] Extensions: Updated last synchronized extensions. Skipped: ["coenraads.bracket-pair-colorizer"].
2023-11-11 15:49:04.170 [info] Profiles: No changes found during synchronizing profiles.
2023-11-11 15:49:04.173 [info] Sync done. Took 2683ms
2023-11-11 15:49:05.327 [info] Auto Sync: Triggered by Activity
2023-11-11 15:49:05.328 [info] Sync started.
2023-11-11 15:49:05.416 [info] Settings: No changes found during synchronizing settings.
2023-11-11 15:49:05.422 [info] Keybindings: No changes found during synchronizing keybindings.
2023-11-11 15:49:05.428 [info] Snippets: No changes found during synchronizing snippets.
2023-11-11 15:49:05.431 [info] Tasks: No changes found during synchronizing tasks.
2023-11-11 15:49:06.078 [info] GlobalState: Updated remote ui state. Updated: workbench.activity.pinnedViewlets2.
2023-11-11 15:49:06.125 [info] GlobalState: Updated last synchronized ui state
2023-11-11 15:49:06.474 [info] Extensions: No changes found during synchronizing extensions.
2023-11-11 15:49:06.476 [info] Profiles: No changes found during synchronizing profiles.
2023-11-11 15:49:06.478 [info] Sync done. Took 1150ms
2023-11-11 15:49:12.442 [info] Auto Sync: Triggered by Activity
2023-11-11 15:49:12.442 [info] Sync started.
2023-11-11 15:49:12.549 [info] Settings: No changes found during synchronizing settings.
2023-11-11 15:49:12.559 [info] Keybindings: No changes found during synchronizing keybindings.
2023-11-11 15:49:12.565 [info] Snippets: No changes found during synchronizing snippets.
2023-11-11 15:49:12.573 [info] Tasks: No changes found during synchronizing tasks.
2023-11-11 15:49:13.161 [info] GlobalState: Updated remote ui state. Updated: workbench.statusbar.hidden.
2023-11-11 15:49:13.177 [info] GlobalState: Updated last synchronized ui state
2023-11-11 15:49:13.699 [info] Extensions: No changes found during synchronizing extensions.
2023-11-11 15:49:13.705 [info] Profiles: No changes found during synchronizing profiles.
2023-11-11 15:49:13.729 [info] Sync done. Took 1287ms
2023-11-11 15:49:20.795 [info] Auto Sync: Triggered by Activity
2023-11-11 15:49:20.795 [info] Sync started.
2023-11-11 15:49:20.999 [info] Settings: No changes found during synchronizing settings.
2023-11-11 15:49:21.008 [info] Keybindings: No changes found during synchronizing keybindings.
2023-11-11 15:49:21.013 [info] Snippets: No changes found during synchronizing snippets.
2023-11-11 15:49:21.020 [info] Tasks: No changes found during synchronizing tasks.
2023-11-11 15:49:21.025 [info] GlobalState: No changes found during synchronizing ui state.
2023-11-11 15:49:22.352 [info] Extensions: Updated remote extensions. Updated: ["dbaeumer.vscode-eslint"].
2023-11-11 15:49:22.355 [info] Extensions: Updated last synchronized extensions. Skipped: ["coenraads.bracket-pair-colorizer"].
2023-11-11 15:49:22.362 [info] Profiles: No changes found during synchronizing profiles.
2023-11-11 15:49:22.365 [info] Sync done. Took 1571ms
